<?xml version="1.0" encoding="UTF-8"?>
<!-- Generated by org.testng.reporters.JUnitReportReporter -->
<testsuite hostname="Poonguzhaly" failures="0" tests="1" name="testCases.Testcase3" time="0.011" errors="0" timestamp="2023-01-11T20:28:14 IST" skipped="0">
  <testcase classname="testCases.Testcase3" name="search" time="0.011"/>
  <system-out/>
</testsuite> <!-- testCases.Testcase3 -->
